<?xml version="1.0" encoding="utf-8"?>
<testsuites time="5.078" tests="51" failures="22">
  <testsuite id="0" name="Source.TestSubmission.dll" tests="51" failures="22" time="5.078">
    <testcase classname="Codenation.Challenge.AccelerationServiceTest" name="Codenation.Challenge.AccelerationServiceTest.Should_Be_Right_Acceleration_When_Find_By_Id(id: 1)" time="1.1380000" />
    <testcase classname="Codenation.Challenge.AccelerationServiceTest" name="Codenation.Challenge.AccelerationServiceTest.Should_Be_Right_Acceleration_When_Find_By_Id(id: 2)" time="0.0100000" />
    <testcase classname="Codenation.Challenge.AccelerationServiceTest" name="Codenation.Challenge.AccelerationServiceTest.Should_Be_Right_Acceleration_When_Find_By_Id(id: 3)" time="0.0010000" />
    <testcase classname="Codenation.Challenge.AccelerationServiceTest" name="Codenation.Challenge.AccelerationServiceTest.Should_Update_The_Acceleration_When_Save" time="0.0480000" />
    <testcase classname="Codenation.Challenge.AccelerationServiceTest" name="Codenation.Challenge.AccelerationServiceTest.Should_Be_Right_Accelerations_When_Find_By_Company_Id(companyId: 1)" time="0.0210000">
      <error message="System.NullReferenceException : Object reference not set to an instance of an object.">   at Codenation.Challenge.AccelerationIdComparer.Equals(Acceleration x, Acceleration y) in C:\Users\junio\codenation\csharp-8\Source.TestSubmission\AccelerationIdComparer.cs:line 11
   at Codenation.Challenge.AccelerationServiceTest.Should_Be_Right_Accelerations_When_Find_By_Company_Id(Int32 companyId) in C:\Users\junio\codenation\csharp-8\Source.TestSubmission\AccelerationServiceTest.cs:line 58</error>
    </testcase>
    <testcase classname="Codenation.Challenge.AccelerationServiceTest" name="Codenation.Challenge.AccelerationServiceTest.Should_Be_Right_Accelerations_When_Find_By_Company_Id(companyId: 2)" time="0.0040000">
      <error message="System.NullReferenceException : Object reference not set to an instance of an object.">   at Codenation.Challenge.AccelerationIdComparer.Equals(Acceleration x, Acceleration y) in C:\Users\junio\codenation\csharp-8\Source.TestSubmission\AccelerationIdComparer.cs:line 11
   at Codenation.Challenge.AccelerationServiceTest.Should_Be_Right_Accelerations_When_Find_By_Company_Id(Int32 companyId) in C:\Users\junio\codenation\csharp-8\Source.TestSubmission\AccelerationServiceTest.cs:line 58</error>
    </testcase>
    <testcase classname="Codenation.Challenge.AccelerationServiceTest" name="Codenation.Challenge.AccelerationServiceTest.Should_Add_New_Acceleration_When_Save" time="0.0040000" />
    <testcase classname="Codenation.Challenge.CandidateServiceTest" name="Codenation.Challenge.CandidateServiceTest.Should_Be_Right_Candidates_When_Find_By_Company_Id(companyId: 2)" time="1.1790000" />
    <testcase classname="Codenation.Challenge.CandidateServiceTest" name="Codenation.Challenge.CandidateServiceTest.Should_Be_Right_Candidates_When_Find_By_Company_Id(companyId: 3)" time="0.0030000" />
    <testcase classname="Codenation.Challenge.CandidateServiceTest" name="Codenation.Challenge.CandidateServiceTest.Should_Be_Right_Candidates_When_Find_By_Company_Id(companyId: 1)" time="0.0030000" />
    <testcase classname="Codenation.Challenge.CandidateServiceTest" name="Codenation.Challenge.CandidateServiceTest.Should_Be_Right_Candidates_When_Find_By_Accelaration_Id(accelerationId: 2)" time="0.0290000" />
    <testcase classname="Codenation.Challenge.CandidateServiceTest" name="Codenation.Challenge.CandidateServiceTest.Should_Be_Right_Candidates_When_Find_By_Accelaration_Id(accelerationId: 3)" time="0.0050000" />
    <testcase classname="Codenation.Challenge.CandidateServiceTest" name="Codenation.Challenge.CandidateServiceTest.Should_Be_Right_Candidates_When_Find_By_Accelaration_Id(accelerationId: 1)" time="0.0020000" />
    <testcase classname="Codenation.Challenge.CandidateServiceTest" name="Codenation.Challenge.CandidateServiceTest.Should_Be_Right_Candidate_When_Find_By_Id(userId: 2, accelerationId: 2, companyId: 2)" time="0.0090000" />
    <testcase classname="Codenation.Challenge.CandidateServiceTest" name="Codenation.Challenge.CandidateServiceTest.Should_Be_Right_Candidate_When_Find_By_Id(userId: 3, accelerationId: 3, companyId: 3)" time="0.0010000" />
    <testcase classname="Codenation.Challenge.CandidateServiceTest" name="Codenation.Challenge.CandidateServiceTest.Should_Be_Right_Candidate_When_Find_By_Id(userId: 1, accelerationId: 1, companyId: 1)" time="0.0020000" />
    <testcase classname="Codenation.Challenge.CandidateServiceTest" name="Codenation.Challenge.CandidateServiceTest.Should_Update_The_Candidate_When_Save" time="0.0060000" />
    <testcase classname="Codenation.Challenge.CandidateServiceTest" name="Codenation.Challenge.CandidateServiceTest.Should_Add_New_Candidate_When_Save" time="0.0050000">
      <error message="Microsoft.EntityFrameworkCore.DbUpdateConcurrencyException : Attempted to update or delete an entity that does not exist in the store.">   at Microsoft.EntityFrameworkCore.InMemory.Storage.Internal.InMemoryTable`1.Update(IUpdateEntry entry)
   at Microsoft.EntityFrameworkCore.InMemory.Storage.Internal.InMemoryStore.ExecuteTransaction(IReadOnlyList`1 entries, IDiagnosticsLogger`1 updateLogger)
   at Microsoft.EntityFrameworkCore.ChangeTracking.Internal.StateManager.SaveChanges(IReadOnlyList`1 entriesToSave)
   at Microsoft.EntityFrameworkCore.ChangeTracking.Internal.StateManager.SaveChanges(Boolean acceptAllChangesOnSuccess)
   at Microsoft.EntityFrameworkCore.DbContext.SaveChanges(Boolean acceptAllChangesOnSuccess)
   at Codenation.Challenge.Services.CandidateService.Save(Candidate candidate) in C:\Users\junio\codenation\csharp-8\Source\Services\CandidateService.cs:line 37
   at Codenation.Challenge.CandidateServiceTest.Should_Add_New_Candidate_When_Save() in C:\Users\junio\codenation\csharp-8\Source.TestSubmission\CandidateServiceTest.cs:line 102</error>
    </testcase>
    <testcase classname="Codenation.Challenge.ChallengeServiceTest" name="Codenation.Challenge.ChallengeServiceTest.Should_Add_New_Challenge_When_Save" time="0.0240000" />
    <testcase classname="Codenation.Challenge.ChallengeServiceTest" name="Codenation.Challenge.ChallengeServiceTest.Should_Be_Right_Challenges_When_Find_By_Accelartion_And_User(accelerationId: 1, userId: 1)" time="0.0860000" />
    <testcase classname="Codenation.Challenge.ChallengeServiceTest" name="Codenation.Challenge.ChallengeServiceTest.Should_Be_Right_Challenges_When_Find_By_Accelartion_And_User(accelerationId: 3, userId: 3)" time="0.0170000">
      <error message="Assert.Equal() Failure&#xD;&#xA;Expected: List&lt;Challenge&gt; [Challenge { Accelerations = null, CreatedAt = 2019-01-09T12:28:27.0000000, Id = 5, Name = &quot;Sipes and Sons&quot;, Slug = &quot;bdubarry4-medgeller4&quot;, ... }]&#xD;&#xA;Actual:   List&lt;Challenge&gt; []">   at Codenation.Challenge.ChallengeServiceTest.Should_Be_Right_Challenges_When_Find_By_Accelartion_And_User(Int32 accelerationId, Int32 userId) in C:\Users\junio\codenation\csharp-8\Source.TestSubmission\ChallengeServiceTest.cs:line 44</error>
    </testcase>
    <testcase classname="Codenation.Challenge.ChallengeServiceTest" name="Codenation.Challenge.ChallengeServiceTest.Should_Be_Right_Challenges_When_Find_By_Accelartion_And_User(accelerationId: 2, userId: 2)" time="0.0030000" />
    <testcase classname="Codenation.Challenge.ChallengeServiceTest" name="Codenation.Challenge.ChallengeServiceTest.Should_Update_The_Challenge_When_Save" time="0.0010000" />
    <testcase classname="Codenation.Challenge.CompanyServiceTest" name="Codenation.Challenge.CompanyServiceTest.Should_Be_Right_Companies_When_Find_By_Accelaration_Id(accelerationId: 2)" time="0.0190000">
      <error message="System.NullReferenceException : Object reference not set to an instance of an object.">   at Codenation.Challenge.CompanyIdComparer.Equals(Company x, Company y) in C:\Users\junio\codenation\csharp-8\Source.TestSubmission\CompanyIdComparer.cs:line 11
   at Codenation.Challenge.CompanyServiceTest.Should_Be_Right_Companies_When_Find_By_Accelaration_Id(Int32 accelerationId) in C:\Users\junio\codenation\csharp-8\Source.TestSubmission\CompanyServiceTest.cs:line 58</error>
    </testcase>
    <testcase classname="Codenation.Challenge.CompanyServiceTest" name="Codenation.Challenge.CompanyServiceTest.Should_Be_Right_Companies_When_Find_By_Accelaration_Id(accelerationId: 1)" time="0.0040000">
      <error message="System.NullReferenceException : Object reference not set to an instance of an object.">   at Codenation.Challenge.CompanyIdComparer.Equals(Company x, Company y) in C:\Users\junio\codenation\csharp-8\Source.TestSubmission\CompanyIdComparer.cs:line 11
   at Codenation.Challenge.CompanyServiceTest.Should_Be_Right_Companies_When_Find_By_Accelaration_Id(Int32 accelerationId) in C:\Users\junio\codenation\csharp-8\Source.TestSubmission\CompanyServiceTest.cs:line 58</error>
    </testcase>
    <testcase classname="Codenation.Challenge.CompanyServiceTest" name="Codenation.Challenge.CompanyServiceTest.Should_Add_New_Company_When_Save" time="0.0030000" />
    <testcase classname="Codenation.Challenge.CompanyServiceTest" name="Codenation.Challenge.CompanyServiceTest.Should_Be_Right_Companies_When_Find_By_User_Id(userId: 1)" time="0.0180000">
      <error message="System.NullReferenceException : Object reference not set to an instance of an object.">   at Codenation.Challenge.CompanyIdComparer.Equals(Company x, Company y) in C:\Users\junio\codenation\csharp-8\Source.TestSubmission\CompanyIdComparer.cs:line 11
   at Codenation.Challenge.CompanyServiceTest.Should_Be_Right_Companies_When_Find_By_User_Id(Int32 userId) in C:\Users\junio\codenation\csharp-8\Source.TestSubmission\CompanyServiceTest.cs:line 89</error>
    </testcase>
    <testcase classname="Codenation.Challenge.CompanyServiceTest" name="Codenation.Challenge.CompanyServiceTest.Should_Be_Right_Companies_When_Find_By_User_Id(userId: 3)" time="0.0060000">
      <error message="System.NullReferenceException : Object reference not set to an instance of an object.">   at Codenation.Challenge.CompanyIdComparer.Equals(Company x, Company y) in C:\Users\junio\codenation\csharp-8\Source.TestSubmission\CompanyIdComparer.cs:line 11
   at Codenation.Challenge.CompanyServiceTest.Should_Be_Right_Companies_When_Find_By_User_Id(Int32 userId) in C:\Users\junio\codenation\csharp-8\Source.TestSubmission\CompanyServiceTest.cs:line 89</error>
    </testcase>
    <testcase classname="Codenation.Challenge.CompanyServiceTest" name="Codenation.Challenge.CompanyServiceTest.Should_Be_Right_Companies_When_Find_By_User_Id(userId: 2)" time="0.0040000">
      <error message="System.NullReferenceException : Object reference not set to an instance of an object.">   at Codenation.Challenge.CompanyIdComparer.Equals(Company x, Company y) in C:\Users\junio\codenation\csharp-8\Source.TestSubmission\CompanyIdComparer.cs:line 11
   at Codenation.Challenge.CompanyServiceTest.Should_Be_Right_Companies_When_Find_By_User_Id(Int32 userId) in C:\Users\junio\codenation\csharp-8\Source.TestSubmission\CompanyServiceTest.cs:line 89</error>
    </testcase>
    <testcase classname="Codenation.Challenge.CompanyServiceTest" name="Codenation.Challenge.CompanyServiceTest.Should_Be_Right_Company_When_Find_By_Id(id: 3)" time="0.0100000" />
    <testcase classname="Codenation.Challenge.CompanyServiceTest" name="Codenation.Challenge.CompanyServiceTest.Should_Be_Right_Company_When_Find_By_Id(id: 2)" time="0.0010000" />
    <testcase classname="Codenation.Challenge.CompanyServiceTest" name="Codenation.Challenge.CompanyServiceTest.Should_Be_Right_Company_When_Find_By_Id(id: 1)" time="0.0010000" />
    <testcase classname="Codenation.Challenge.CompanyServiceTest" name="Codenation.Challenge.CompanyServiceTest.Should_Update_The_Company_When_Save" time="0.0020000" />
    <testcase classname="Codenation.Challenge.SubmissionServiceTest" name="Codenation.Challenge.SubmissionServiceTest.Should_Add_New_Submission_When_Save" time="0.1910000">
      <error message="System.NotImplementedException : The method or operation is not implemented.">   at Codenation.Challenge.Services.SubmissionService.Save(Submission submission) in C:\Users\junio\codenation\csharp-8\Source\Services\SubmissionsService.cs:line 26
   at Codenation.Challenge.SubmissionServiceTest.Should_Add_New_Submission_When_Save() in C:\Users\junio\codenation\csharp-8\Source.TestSubmission\SubmissionServiceTest.cs:line 81</error>
    </testcase>
    <testcase classname="Codenation.Challenge.SubmissionServiceTest" name="Codenation.Challenge.SubmissionServiceTest.Should_Be_Right_Submissions_When_Find_By_Challenge_And_Acceleration(challengeId: 3, accelerationId: 3)" time="0.9210000">
      <error message="System.NotImplementedException : The method or operation is not implemented.">   at Codenation.Challenge.Services.SubmissionService.FindByChallengeIdAndAccelerationId(Int32 challengeId, Int32 accelerationId) in C:\Users\junio\codenation\csharp-8\Source\Services\SubmissionsService.cs:line 16
   at Codenation.Challenge.SubmissionServiceTest.Should_Be_Right_Submissions_When_Find_By_Challenge_And_Acceleration(Int32 challengeId, Int32 accelerationId) in C:\Users\junio\codenation\csharp-8\Source.TestSubmission\SubmissionServiceTest.cs:line 61</error>
    </testcase>
    <testcase classname="Codenation.Challenge.SubmissionServiceTest" name="Codenation.Challenge.SubmissionServiceTest.Should_Be_Right_Submissions_When_Find_By_Challenge_And_Acceleration(challengeId: 1, accelerationId: 1)" time="0.0080000">
      <error message="System.NotImplementedException : The method or operation is not implemented.">   at Codenation.Challenge.Services.SubmissionService.FindByChallengeIdAndAccelerationId(Int32 challengeId, Int32 accelerationId) in C:\Users\junio\codenation\csharp-8\Source\Services\SubmissionsService.cs:line 16
   at Codenation.Challenge.SubmissionServiceTest.Should_Be_Right_Submissions_When_Find_By_Challenge_And_Acceleration(Int32 challengeId, Int32 accelerationId) in C:\Users\junio\codenation\csharp-8\Source.TestSubmission\SubmissionServiceTest.cs:line 61</error>
    </testcase>
    <testcase classname="Codenation.Challenge.SubmissionServiceTest" name="Codenation.Challenge.SubmissionServiceTest.Should_Be_Right_Submissions_When_Find_By_Challenge_And_Acceleration(challengeId: 2, accelerationId: 2)" time="0.0030000">
      <error message="System.NotImplementedException : The method or operation is not implemented.">   at Codenation.Challenge.Services.SubmissionService.FindByChallengeIdAndAccelerationId(Int32 challengeId, Int32 accelerationId) in C:\Users\junio\codenation\csharp-8\Source\Services\SubmissionsService.cs:line 16
   at Codenation.Challenge.SubmissionServiceTest.Should_Be_Right_Submissions_When_Find_By_Challenge_And_Acceleration(Int32 challengeId, Int32 accelerationId) in C:\Users\junio\codenation\csharp-8\Source.TestSubmission\SubmissionServiceTest.cs:line 61</error>
    </testcase>
    <testcase classname="Codenation.Challenge.SubmissionServiceTest" name="Codenation.Challenge.SubmissionServiceTest.Should_Be_Higher_Score_When_Get_By_Challenge_Id(challengeId: 3)" time="0.0110000">
      <error message="System.NotImplementedException : The method or operation is not implemented.">   at Codenation.Challenge.Services.SubmissionService.FindHigherScoreByChallengeId(Int32 challengeId) in C:\Users\junio\codenation\csharp-8\Source\Services\SubmissionsService.cs:line 21
   at Codenation.Challenge.SubmissionServiceTest.Should_Be_Higher_Score_When_Get_By_Challenge_Id(Int32 challengeId) in C:\Users\junio\codenation\csharp-8\Source.TestSubmission\SubmissionServiceTest.cs:line 29</error>
    </testcase>
    <testcase classname="Codenation.Challenge.SubmissionServiceTest" name="Codenation.Challenge.SubmissionServiceTest.Should_Be_Higher_Score_When_Get_By_Challenge_Id(challengeId: 1)" time="0.0130000">
      <error message="System.NotImplementedException : The method or operation is not implemented.">   at Codenation.Challenge.Services.SubmissionService.FindHigherScoreByChallengeId(Int32 challengeId) in C:\Users\junio\codenation\csharp-8\Source\Services\SubmissionsService.cs:line 21
   at Codenation.Challenge.SubmissionServiceTest.Should_Be_Higher_Score_When_Get_By_Challenge_Id(Int32 challengeId) in C:\Users\junio\codenation\csharp-8\Source.TestSubmission\SubmissionServiceTest.cs:line 29</error>
    </testcase>
    <testcase classname="Codenation.Challenge.SubmissionServiceTest" name="Codenation.Challenge.SubmissionServiceTest.Should_Be_Higher_Score_When_Get_By_Challenge_Id(challengeId: 2)" time="0.0020000">
      <error message="System.NotImplementedException : The method or operation is not implemented.">   at Codenation.Challenge.Services.SubmissionService.FindHigherScoreByChallengeId(Int32 challengeId) in C:\Users\junio\codenation\csharp-8\Source\Services\SubmissionsService.cs:line 21
   at Codenation.Challenge.SubmissionServiceTest.Should_Be_Higher_Score_When_Get_By_Challenge_Id(Int32 challengeId) in C:\Users\junio\codenation\csharp-8\Source.TestSubmission\SubmissionServiceTest.cs:line 29</error>
    </testcase>
    <testcase classname="Codenation.Challenge.SubmissionServiceTest" name="Codenation.Challenge.SubmissionServiceTest.Should_Update_The_Sumission_When_Save" time="0.0030000">
      <error message="System.NotImplementedException : The method or operation is not implemented.">   at Codenation.Challenge.Services.SubmissionService.Save(Submission submission) in C:\Users\junio\codenation\csharp-8\Source\Services\SubmissionsService.cs:line 26
   at Codenation.Challenge.SubmissionServiceTest.Should_Update_The_Sumission_When_Save() in C:\Users\junio\codenation\csharp-8\Source.TestSubmission\SubmissionServiceTest.cs:line 99</error>
    </testcase>
    <testcase classname="Codenation.Challenge.UserServiceTest" name="Codenation.Challenge.UserServiceTest.Should_Be_Right_Users_When_Find_By_Accelaration_Name(accelerationName: &quot;Velvet Grass&quot;)" time="1.1850000">
      <error message="System.NullReferenceException : Object reference not set to an instance of an object.">   at Codenation.Challenge.Services.UserService.FindByAccelerationName(String name) in C:\Users\junio\codenation\csharp-8\Source\Services\UserService.cs:line 21
   at Codenation.Challenge.UserServiceTest.Should_Be_Right_Users_When_Find_By_Accelaration_Name(String accelerationName) in C:\Users\junio\codenation\csharp-8\Source.TestSubmission\UserServiceTest.cs:line 56</error>
    </testcase>
    <testcase classname="Codenation.Challenge.UserServiceTest" name="Codenation.Challenge.UserServiceTest.Should_Be_Right_Users_When_Find_By_Accelaration_Name(accelerationName: &quot;Progesterone&quot;)" time="0.0120000">
      <error message="System.NullReferenceException : Object reference not set to an instance of an object.">   at Codenation.Challenge.Services.UserService.FindByAccelerationName(String name) in C:\Users\junio\codenation\csharp-8\Source\Services\UserService.cs:line 21
   at Codenation.Challenge.UserServiceTest.Should_Be_Right_Users_When_Find_By_Accelaration_Name(String accelerationName) in C:\Users\junio\codenation\csharp-8\Source.TestSubmission\UserServiceTest.cs:line 56</error>
    </testcase>
    <testcase classname="Codenation.Challenge.UserServiceTest" name="Codenation.Challenge.UserServiceTest.Should_Be_Right_Users_When_Find_By_Company_Id(companyId: 3)" time="0.0190000">
      <error message="System.NullReferenceException : Object reference not set to an instance of an object.">   at Codenation.Challenge.UserIdComparer.Equals(User x, User y) in C:\Users\junio\codenation\csharp-8\Source.TestSubmission\UserIdComparer.cs:line 11
   at Codenation.Challenge.UserServiceTest.Should_Be_Right_Users_When_Find_By_Company_Id(Int32 companyId) in C:\Users\junio\codenation\csharp-8\Source.TestSubmission\UserServiceTest.cs:line 89</error>
    </testcase>
    <testcase classname="Codenation.Challenge.UserServiceTest" name="Codenation.Challenge.UserServiceTest.Should_Be_Right_Users_When_Find_By_Company_Id(companyId: 1)" time="0.0080000">
      <error message="System.NullReferenceException : Object reference not set to an instance of an object.">   at Codenation.Challenge.UserIdComparer.Equals(User x, User y) in C:\Users\junio\codenation\csharp-8\Source.TestSubmission\UserIdComparer.cs:line 11
   at Codenation.Challenge.UserServiceTest.Should_Be_Right_Users_When_Find_By_Company_Id(Int32 companyId) in C:\Users\junio\codenation\csharp-8\Source.TestSubmission\UserServiceTest.cs:line 89</error>
    </testcase>
    <testcase classname="Codenation.Challenge.UserServiceTest" name="Codenation.Challenge.UserServiceTest.Should_Be_Right_Users_When_Find_By_Company_Id(companyId: 2)" time="0.0040000">
      <error message="System.NullReferenceException : Object reference not set to an instance of an object.">   at Codenation.Challenge.UserIdComparer.Equals(User x, User y) in C:\Users\junio\codenation\csharp-8\Source.TestSubmission\UserIdComparer.cs:line 11
   at Codenation.Challenge.UserServiceTest.Should_Be_Right_Users_When_Find_By_Company_Id(Int32 companyId) in C:\Users\junio\codenation\csharp-8\Source.TestSubmission\UserServiceTest.cs:line 89</error>
    </testcase>
    <testcase classname="Codenation.Challenge.UserServiceTest" name="Codenation.Challenge.UserServiceTest.Should_Return_Right_User_When_Find_By_Id(id: 1)" time="0.0140000" />
    <testcase classname="Codenation.Challenge.UserServiceTest" name="Codenation.Challenge.UserServiceTest.Should_Return_Right_User_When_Find_By_Id(id: 3)" time="0.0010000" />
    <testcase classname="Codenation.Challenge.UserServiceTest" name="Codenation.Challenge.UserServiceTest.Should_Return_Right_User_When_Find_By_Id(id: 2)" time="0.0010000" />
    <testcase classname="Codenation.Challenge.UserServiceTest" name="Codenation.Challenge.UserServiceTest.Should_Add_New_User_When_Save" time="0.0050000" />
    <testcase classname="Codenation.Challenge.UserServiceTest" name="Codenation.Challenge.UserServiceTest.Should_Update_The_User_When_Save" time="0.0080000" />
  </testsuite>
</testsuites>